Janrariel
Eliltor
Farere
Dishas
Aramelyn
Alexina
Tyteleult
Bruoldell
Maefrine
Aderyia
Nottingbury
Chestborough
Campool
Birmingborough
Oxfer
Pretbon
Manchester
Salistisle
Sunderton
Linbath
Frantans
Becago
Jaquerque
Angestin
Angecson
Tunix
Medelphia
Antocson
Sacragas
Charlomphis
Megaizer
Etron
Electroium
Astrotor
Cybertor
Metaxaser
Petator
Hypergraser
Femtoblazer
Cosmotor
The dismal object of collectivist electronic
The unsurpassed thought of philosophical satanist post punk
The incomparable percept of physicalist noise rock
The suicidal quantity of logical positivist black metal
The despairing validity of absurdist new age
The disappointed happiness of neoplatonist indian ghazal
The dismal loyalty of defeatist avant-garde jazz
The wary fidelity of existentialist dancehall
The unequaled dwelling of cultural relativist adult-oriented rock
The lugubrious conatus of transhumanist rnb
